//  v2lvs v2022.4_28.13    Tue Nov 1 14:48:15 PDT 2022
//
//  Copyright (c) 1992, 1993 Regents of the University of California
//         All rights reserved.
//
//                   Copyright Siemens 1996-2022
//                       All Rights Reserved.
//   THIS WORK CONTAINS TRADE SECRET AND PROPRIETARY INFORMATION
//      WHICH IS THE PROPERTY OF MENTOR GRAPHICS CORPORATION
//        OR ITS LICENSORS AND IS SUBJECT TO LICENSE TERMS.
//
//  The registered trademark Linux is used pursuant to a sublicense from LMI, the
//  exclusive licensee of Linus Torvalds, owner of the mark on a world-wide basis.
//
//  Mentor Graphics software executing under x86-64 Linux
//
//
//  Starting time: Thu Nov 27 09:12:19 2025
//
Running /export/SoftWare/Mentor/Calibre_2022.4_28.13/aoi_cal_2022.4_28.13/pkgs/icv/pvt/v2lvs -v /mnt/hgfs/Em/PD/eco/outputs/image_icb.pg.v.gz -s ./cdl/RAMSP1024X16.cdl -s ./cdl/RAMTP1024X16.cdl -s ./cdl/scc40nll_vhsc40_hvt.cdl -s ./cdl/scc40nll_vhsc40_lvt.cdl -s ./cdl/scc40nll_vhsc40_rvt.cdl -s ./cdl/empty_subckt.sp -o top.spi


Info: Creating Verilog Library Database ...
Info: Verilog Library Database Creation completed. CPU TIME = 0  REAL TIME = 0  MALLOC = 5/5/5  ELAPSED TIME = 2 

Info: Creating Design Database of Module Interfaces ...
Info: Design Database of Module Interfaces Creation completed. CPU TIME = 0  REAL TIME = 0  MALLOC = 7/7/7  ELAPSED TIME = 2 

Info: Creating Design Database of Module Instantiations ...
Info: Design Database of Module Instantiations Creation completed. CPU TIME = 0  REAL TIME = 0  MALLOC = 10/10/10  ELAPSED TIME = 3 
Info: 821 modules parsed, containing 38049 instances and 0 gate instance calls 

Info: Converting Design ...
Warning: Duplicate port/net name "n4223" found in module "plate_feature_recognize_280_1e0" while doing case-insensitive lookup
Warning: Duplicate port/net name "n4225" found in module "plate_feature_recognize_280_1e0" while doing case-insensitive lookup
Warning: Duplicate port/net name "n4229" found in module "plate_feature_recognize_280_1e0" while doing case-insensitive lookup
Warning: Duplicate port/net name "n4543" found in module "plate_feature_recognize_280_1e0" while doing case-insensitive lookup
Warning: Duplicate port/net name "n4545" found in module "plate_feature_recognize_280_1e0" while doing case-insensitive lookup
Warning: Duplicate port/net name "n4547" found in module "plate_feature_recognize_280_1e0" while doing case-insensitive lookup
Warning: Duplicate port/net name "n4549" found in module "plate_feature_recognize_280_1e0" while doing case-insensitive lookup
Warning: Duplicate port/net name "n4550" found in module "plate_feature_recognize_280_1e0" while doing case-insensitive lookup
Warning: Duplicate port/net name "n4865" found in module "plate_feature_recognize_280_1e0" while doing case-insensitive lookup
Warning: Duplicate port/net name "n5187" found in module "plate_feature_recognize_280_1e0" while doing case-insensitive lookup
Warning: Duplicate port/net name "n5189" found in module "plate_feature_recognize_280_1e0" while doing case-insensitive lookup
Warning: Duplicate port/net name "n5190" found in module "plate_feature_recognize_280_1e0" while doing case-insensitive lookup
Warning: Duplicate port/net name "n5503" found in module "plate_feature_recognize_280_1e0" while doing case-insensitive lookup
Warning: Duplicate port/net name "n5505" found in module "plate_feature_recognize_280_1e0" while doing case-insensitive lookup
Warning: Duplicate port/net name "n5507" found in module "plate_feature_recognize_280_1e0" while doing case-insensitive lookup
Warning: Duplicate port/net name "n5509" found in module "plate_feature_recognize_280_1e0" while doing case-insensitive lookup
Warning: Duplicate port/net name "n5511" found in module "plate_feature_recognize_280_1e0" while doing case-insensitive lookup
Warning: Duplicate port/net name "n5512" found in module "plate_feature_recognize_280_1e0" while doing case-insensitive lookup
Warning: Duplicate port/net name "n5513" found in module "plate_feature_recognize_280_1e0" while doing case-insensitive lookup
Warning: Duplicate port/net name "n5514" found in module "plate_feature_recognize_280_1e0" while doing case-insensitive lookup
Warning: Duplicate port/net name "n5515" found in module "plate_feature_recognize_280_1e0" while doing case-insensitive lookup
Warning: Duplicate port/net name "n5516" found in module "plate_feature_recognize_280_1e0" while doing case-insensitive lookup
Warning: Duplicate port/net name "n5518" found in module "plate_feature_recognize_280_1e0" while doing case-insensitive lookup
Warning: Duplicate port/net name "n5519" found in module "plate_feature_recognize_280_1e0" while doing case-insensitive lookup
Warning: Duplicate port/net name "n5520" found in module "plate_feature_recognize_280_1e0" while doing case-insensitive lookup
Warning: Duplicate port/net name "n5521" found in module "plate_feature_recognize_280_1e0" while doing case-insensitive lookup
Warning: Duplicate port/net name "n5522" found in module "plate_feature_recognize_280_1e0" while doing case-insensitive lookup
Warning: Duplicate port/net name "n5524" found in module "plate_feature_recognize_280_1e0" while doing case-insensitive lookup
Warning: Duplicate port/net name "n5525" found in module "plate_feature_recognize_280_1e0" while doing case-insensitive lookup
Warning: Duplicate port/net name "n5526" found in module "plate_feature_recognize_280_1e0" while doing case-insensitive lookup
Warning: Duplicate port/net name "n5527" found in module "plate_feature_recognize_280_1e0" while doing case-insensitive lookup
Warning: Duplicate port/net name "n5528" found in module "plate_feature_recognize_280_1e0" while doing case-insensitive lookup
Warning: Duplicate port/net name "n5529" found in module "plate_feature_recognize_280_1e0" while doing case-insensitive lookup
Warning: Duplicate port/net name "n5531" found in module "plate_feature_recognize_280_1e0" while doing case-insensitive lookup
Warning: Duplicate port/net name "n5532" found in module "plate_feature_recognize_280_1e0" while doing case-insensitive lookup
Warning: Duplicate port/net name "n5533" found in module "plate_feature_recognize_280_1e0" while doing case-insensitive lookup
Warning: Duplicate port/net name "n5534" found in module "plate_feature_recognize_280_1e0" while doing case-insensitive lookup
Warning: Duplicate port/net name "n5535" found in module "plate_feature_recognize_280_1e0" while doing case-insensitive lookup
Warning: Duplicate port/net name "n5536" found in module "plate_feature_recognize_280_1e0" while doing case-insensitive lookup
Warning: Duplicate port/net name "n5537" found in module "plate_feature_recognize_280_1e0" while doing case-insensitive lookup
Warning: Duplicate port/net name "n5538" found in module "plate_feature_recognize_280_1e0" while doing case-insensitive lookup
Warning: Duplicate port/net name "n5539" found in module "plate_feature_recognize_280_1e0" while doing case-insensitive lookup
Warning: Duplicate port/net name "n5540" found in module "plate_feature_recognize_280_1e0" while doing case-insensitive lookup
Warning: Duplicate port/net name "n5541" found in module "plate_feature_recognize_280_1e0" while doing case-insensitive lookup
Warning: Duplicate port/net name "n5542" found in module "plate_feature_recognize_280_1e0" while doing case-insensitive lookup
Warning: Duplicate port/net name "n5543" found in module "plate_feature_recognize_280_1e0" while doing case-insensitive lookup
Warning: Duplicate port/net name "n5544" found in module "plate_feature_recognize_280_1e0" while doing case-insensitive lookup
Warning: Duplicate port/net name "n5545" found in module "plate_feature_recognize_280_1e0" while doing case-insensitive lookup
Warning: Duplicate port/net name "n5546" found in module "plate_feature_recognize_280_1e0" while doing case-insensitive lookup
Warning: Duplicate port/net name "n5547" found in module "plate_feature_recognize_280_1e0" while doing case-insensitive lookup
Warning: Duplicate port/net name "n5548" found in module "plate_feature_recognize_280_1e0" while doing case-insensitive lookup
Warning: Duplicate port/net name "n5550" found in module "plate_feature_recognize_280_1e0" while doing case-insensitive lookup
Warning: Duplicate port/net name "n5551" found in module "plate_feature_recognize_280_1e0" while doing case-insensitive lookup
Warning: Duplicate port/net name "n5552" found in module "plate_feature_recognize_280_1e0" while doing case-insensitive lookup
Warning: Duplicate port/net name "n5553" found in module "plate_feature_recognize_280_1e0" while doing case-insensitive lookup
Warning: Duplicate port/net name "n5554" found in module "plate_feature_recognize_280_1e0" while doing case-insensitive lookup
Warning: Duplicate port/net name "n5555" found in module "plate_feature_recognize_280_1e0" while doing case-insensitive lookup
Warning: Duplicate port/net name "n5556" found in module "plate_feature_recognize_280_1e0" while doing case-insensitive lookup
Warning: Duplicate port/net name "n5557" found in module "plate_feature_recognize_280_1e0" while doing case-insensitive lookup
Warning: Duplicate port/net name "n5558" found in module "plate_feature_recognize_280_1e0" while doing case-insensitive lookup
Warning: Duplicate port/net name "n5559" found in module "plate_feature_recognize_280_1e0" while doing case-insensitive lookup
Warning: Duplicate port/net name "n5560" found in module "plate_feature_recognize_280_1e0" while doing case-insensitive lookup
Warning: Duplicate port/net name "n5561" found in module "plate_feature_recognize_280_1e0" while doing case-insensitive lookup
Warning: Duplicate port/net name "n5562" found in module "plate_feature_recognize_280_1e0" while doing case-insensitive lookup
Warning: Duplicate port/net name "n5563" found in module "plate_feature_recognize_280_1e0" while doing case-insensitive lookup
Warning: Duplicate port/net name "n5564" found in module "plate_feature_recognize_280_1e0" while doing case-insensitive lookup
Warning: Duplicate port/net name "n5565" found in module "plate_feature_recognize_280_1e0" while doing case-insensitive lookup
Warning: Duplicate port/net name "n5567" found in module "plate_feature_recognize_280_1e0" while doing case-insensitive lookup
Warning: Duplicate port/net name "n5568" found in module "plate_feature_recognize_280_1e0" while doing case-insensitive lookup
Warning: Duplicate port/net name "n5569" found in module "plate_feature_recognize_280_1e0" while doing case-insensitive lookup
Warning: Duplicate port/net name "n5570" found in module "plate_feature_recognize_280_1e0" while doing case-insensitive lookup
Warning: Duplicate port/net name "n5572" found in module "plate_feature_recognize_280_1e0" while doing case-insensitive lookup
Warning: Duplicate port/net name "n5573" found in module "plate_feature_recognize_280_1e0" while doing case-insensitive lookup
Warning: Duplicate port/net name "n5574" found in module "plate_feature_recognize_280_1e0" while doing case-insensitive lookup
Warning: Duplicate port/net name "n5575" found in module "plate_feature_recognize_280_1e0" while doing case-insensitive lookup
Warning: Duplicate port/net name "n5576" found in module "plate_feature_recognize_280_1e0" while doing case-insensitive lookup
Warning: Duplicate port/net name "n5577" found in module "plate_feature_recognize_280_1e0" while doing case-insensitive lookup
Warning: Duplicate port/net name "n5579" found in module "plate_feature_recognize_280_1e0" while doing case-insensitive lookup
Warning: Duplicate port/net name "n5580" found in module "plate_feature_recognize_280_1e0" while doing case-insensitive lookup
Warning: Duplicate port/net name "n5586" found in module "plate_feature_recognize_280_1e0" while doing case-insensitive lookup
Warning: Duplicate port/net name "n5587" found in module "plate_feature_recognize_280_1e0" while doing case-insensitive lookup
Warning: Duplicate port/net name "n5588" found in module "plate_feature_recognize_280_1e0" while doing case-insensitive lookup
Warning: Duplicate port/net name "n5590" found in module "plate_feature_recognize_280_1e0" while doing case-insensitive lookup
Warning: Duplicate port/net name "n5631" found in module "plate_feature_recognize_280_1e0" while doing case-insensitive lookup
Warning: Duplicate port/net name "n5633" found in module "plate_feature_recognize_280_1e0" while doing case-insensitive lookup
Warning: Duplicate port/net name "n5634" found in module "plate_feature_recognize_280_1e0" while doing case-insensitive lookup
Warning: Duplicate port/net name "n5636" found in module "plate_feature_recognize_280_1e0" while doing case-insensitive lookup
Warning: Duplicate port/net name "n5637" found in module "plate_feature_recognize_280_1e0" while doing case-insensitive lookup
Warning: Duplicate port/net name "n5638" found in module "plate_feature_recognize_280_1e0" while doing case-insensitive lookup
Warning: Duplicate port/net name "n5639" found in module "plate_feature_recognize_280_1e0" while doing case-insensitive lookup
Warning: Duplicate port/net name "n5640" found in module "plate_feature_recognize_280_1e0" while doing case-insensitive lookup
Warning: Duplicate port/net name "n5641" found in module "plate_feature_recognize_280_1e0" while doing case-insensitive lookup
Warning: Duplicate port/net name "n5643" found in module "plate_feature_recognize_280_1e0" while doing case-insensitive lookup
Warning: Duplicate port/net name "n5644" found in module "plate_feature_recognize_280_1e0" while doing case-insensitive lookup
Warning: Duplicate port/net name "n5645" found in module "plate_feature_recognize_280_1e0" while doing case-insensitive lookup
Warning: Duplicate port/net name "n5646" found in module "plate_feature_recognize_280_1e0" while doing case-insensitive lookup
Warning: Duplicate port/net name "n5647" found in module "plate_feature_recognize_280_1e0" while doing case-insensitive lookup
Warning: Duplicate port/net name "n5648" found in module "plate_feature_recognize_280_1e0" while doing case-insensitive lookup
Warning: Duplicate port/net name "n5650" found in module "plate_feature_recognize_280_1e0" while doing case-insensitive lookup
Warning: Duplicate port/net name "n5651" found in module "plate_feature_recognize_280_1e0" while doing case-insensitive lookup
Warning: Duplicate port/net name "n5652" found in module "plate_feature_recognize_280_1e0" while doing case-insensitive lookup
Warning: Duplicate port/net name "n5653" found in module "plate_feature_recognize_280_1e0" while doing case-insensitive lookup
Warning: Duplicate port/net name "n5654" found in module "plate_feature_recognize_280_1e0" while doing case-insensitive lookup
Warning: Duplicate port/net name "n5655" found in module "plate_feature_recognize_280_1e0" while doing case-insensitive lookup
Warning: Duplicate port/net name "n5656" found in module "plate_feature_recognize_280_1e0" while doing case-insensitive lookup
Warning: Duplicate port/net name "n5659" found in module "plate_feature_recognize_280_1e0" while doing case-insensitive lookup
Warning: Duplicate port/net name "n5660" found in module "plate_feature_recognize_280_1e0" while doing case-insensitive lookup
Warning: Duplicate port/net name "n5661" found in module "plate_feature_recognize_280_1e0" while doing case-insensitive lookup
Warning: Duplicate port/net name "n5662" found in module "plate_feature_recognize_280_1e0" while doing case-insensitive lookup
Warning: Duplicate port/net name "n5663" found in module "plate_feature_recognize_280_1e0" while doing case-insensitive lookup
Warning: Duplicate port/net name "n5664" found in module "plate_feature_recognize_280_1e0" while doing case-insensitive lookup
Warning: Duplicate port/net name "n5665" found in module "plate_feature_recognize_280_1e0" while doing case-insensitive lookup
Warning: Duplicate port/net name "n5666" found in module "plate_feature_recognize_280_1e0" while doing case-insensitive lookup
Warning: Duplicate port/net name "n5667" found in module "plate_feature_recognize_280_1e0" while doing case-insensitive lookup
Warning: Duplicate port/net name "n5668" found in module "plate_feature_recognize_280_1e0" while doing case-insensitive lookup
Warning: Duplicate port/net name "n5669" found in module "plate_feature_recognize_280_1e0" while doing case-insensitive lookup
Warning: Duplicate port/net name "n5670" found in module "plate_feature_recognize_280_1e0" while doing case-insensitive lookup
Warning: Duplicate port/net name "n5671" found in module "plate_feature_recognize_280_1e0" while doing case-insensitive lookup
Warning: Duplicate port/net name "n5672" found in module "plate_feature_recognize_280_1e0" while doing case-insensitive lookup
Warning: Duplicate port/net name "n5673" found in module "plate_feature_recognize_280_1e0" while doing case-insensitive lookup
Warning: Duplicate port/net name "n5674" found in module "plate_feature_recognize_280_1e0" while doing case-insensitive lookup
Warning: Duplicate port/net name "n5675" found in module "plate_feature_recognize_280_1e0" while doing case-insensitive lookup
Warning: Duplicate port/net name "n5676" found in module "plate_feature_recognize_280_1e0" while doing case-insensitive lookup
Warning: Duplicate port/net name "n5677" found in module "plate_feature_recognize_280_1e0" while doing case-insensitive lookup
Warning: Duplicate port/net name "n5678" found in module "plate_feature_recognize_280_1e0" while doing case-insensitive lookup
Warning: Duplicate port/net name "n5679" found in module "plate_feature_recognize_280_1e0" while doing case-insensitive lookup
Warning: Duplicate port/net name "n5680" found in module "plate_feature_recognize_280_1e0" while doing case-insensitive lookup
Warning: Duplicate port/net name "n5681" found in module "plate_feature_recognize_280_1e0" while doing case-insensitive lookup
Warning: Duplicate port/net name "n5682" found in module "plate_feature_recognize_280_1e0" while doing case-insensitive lookup
Warning: Duplicate port/net name "n5683" found in module "plate_feature_recognize_280_1e0" while doing case-insensitive lookup
Warning: Duplicate port/net name "n5685" found in module "plate_feature_recognize_280_1e0" while doing case-insensitive lookup
Warning: Duplicate port/net name "n5686" found in module "plate_feature_recognize_280_1e0" while doing case-insensitive lookup
Warning: Duplicate port/net name "n5687" found in module "plate_feature_recognize_280_1e0" while doing case-insensitive lookup
Warning: Duplicate port/net name "n5688" found in module "plate_feature_recognize_280_1e0" while doing case-insensitive lookup
Warning: Duplicate port/net name "n5689" found in module "plate_feature_recognize_280_1e0" while doing case-insensitive lookup
Warning: Duplicate port/net name "n5690" found in module "plate_feature_recognize_280_1e0" while doing case-insensitive lookup
Warning: Duplicate port/net name "n5691" found in module "plate_feature_recognize_280_1e0" while doing case-insensitive lookup
Warning: Duplicate port/net name "n5692" found in module "plate_feature_recognize_280_1e0" while doing case-insensitive lookup
Warning: Duplicate port/net name "n5695" found in module "plate_feature_recognize_280_1e0" while doing case-insensitive lookup
Warning: Duplicate port/net name "n5697" found in module "plate_feature_recognize_280_1e0" while doing case-insensitive lookup
Warning: Duplicate port/net name "n5698" found in module "plate_feature_recognize_280_1e0" while doing case-insensitive lookup
Warning: Duplicate port/net name "n5699" found in module "plate_feature_recognize_280_1e0" while doing case-insensitive lookup
Warning: Duplicate port/net name "n5700" found in module "plate_feature_recognize_280_1e0" while doing case-insensitive lookup
Warning: Duplicate port/net name "n5701" found in module "plate_feature_recognize_280_1e0" while doing case-insensitive lookup
Warning: Duplicate port/net name "n5702" found in module "plate_feature_recognize_280_1e0" while doing case-insensitive lookup
Warning: Duplicate port/net name "n5704" found in module "plate_feature_recognize_280_1e0" while doing case-insensitive lookup
Warning: Duplicate port/net name "n5705" found in module "plate_feature_recognize_280_1e0" while doing case-insensitive lookup
Warning: Duplicate port/net name "n5706" found in module "plate_feature_recognize_280_1e0" while doing case-insensitive lookup
Warning: Duplicate port/net name "n5707" found in module "plate_feature_recognize_280_1e0" while doing case-insensitive lookup
Warning: Duplicate port/net name "n5708" found in module "plate_feature_recognize_280_1e0" while doing case-insensitive lookup
Warning: Duplicate port/net name "n5709" found in module "plate_feature_recognize_280_1e0" while doing case-insensitive lookup
Warning: Duplicate port/net name "n5710" found in module "plate_feature_recognize_280_1e0" while doing case-insensitive lookup
Warning: Duplicate port/net name "n5711" found in module "plate_feature_recognize_280_1e0" while doing case-insensitive lookup
Warning: Duplicate port/net name "n5712" found in module "plate_feature_recognize_280_1e0" while doing case-insensitive lookup
Warning: Duplicate port/net name "n5713" found in module "plate_feature_recognize_280_1e0" while doing case-insensitive lookup
Warning: Duplicate port/net name "n5714" found in module "plate_feature_recognize_280_1e0" while doing case-insensitive lookup
Warning: Duplicate port/net name "n5715" found in module "plate_feature_recognize_280_1e0" while doing case-insensitive lookup
Warning: Duplicate port/net name "n5716" found in module "plate_feature_recognize_280_1e0" while doing case-insensitive lookup
Warning: Duplicate port/net name "n5717" found in module "plate_feature_recognize_280_1e0" while doing case-insensitive lookup
Warning: Duplicate port/net name "n5718" found in module "plate_feature_recognize_280_1e0" while doing case-insensitive lookup
Warning: Duplicate port/net name "n5719" found in module "plate_feature_recognize_280_1e0" while doing case-insensitive lookup
Warning: Duplicate port/net name "n5720" found in module "plate_feature_recognize_280_1e0" while doing case-insensitive lookup
Warning: Duplicate port/net name "n5721" found in module "plate_feature_recognize_280_1e0" while doing case-insensitive lookup
Warning: Duplicate port/net name "n5722" found in module "plate_feature_recognize_280_1e0" while doing case-insensitive lookup
Warning: Duplicate port/net name "n5728" found in module "plate_feature_recognize_280_1e0" while doing case-insensitive lookup
Warning: Duplicate port/net name "n5729" found in module "plate_feature_recognize_280_1e0" while doing case-insensitive lookup
Warning: Duplicate port/net name "n5730" found in module "plate_feature_recognize_280_1e0" while doing case-insensitive lookup
Warning: Duplicate port/net name "n5732" found in module "plate_feature_recognize_280_1e0" while doing case-insensitive lookup
Warning: Duplicate port/net name "n5733" found in module "plate_feature_recognize_280_1e0" while doing case-insensitive lookup
Warning: Duplicate port/net name "n5734" found in module "plate_feature_recognize_280_1e0" while doing case-insensitive lookup
Warning: Duplicate port/net name "n5735" found in module "plate_feature_recognize_280_1e0" while doing case-insensitive lookup
Warning: Duplicate port/net name "n5736" found in module "plate_feature_recognize_280_1e0" while doing case-insensitive lookup
Warning: Duplicate port/net name "n5737" found in module "plate_feature_recognize_280_1e0" while doing case-insensitive lookup
Warning: Duplicate port/net name "n5738" found in module "plate_feature_recognize_280_1e0" while doing case-insensitive lookup
Warning: Duplicate port/net name "n5739" found in module "plate_feature_recognize_280_1e0" while doing case-insensitive lookup
Warning: Duplicate port/net name "n5740" found in module "plate_feature_recognize_280_1e0" while doing case-insensitive lookup
Warning: Duplicate port/net name "n5741" found in module "plate_feature_recognize_280_1e0" while doing case-insensitive lookup
Warning: Duplicate port/net name "n5742" found in module "plate_feature_recognize_280_1e0" while doing case-insensitive lookup
Warning: Duplicate port/net name "n5743" found in module "plate_feature_recognize_280_1e0" while doing case-insensitive lookup
Warning: Duplicate port/net name "n5744" found in module "plate_feature_recognize_280_1e0" while doing case-insensitive lookup
Warning: Duplicate port/net name "n5746" found in module "plate_feature_recognize_280_1e0" while doing case-insensitive lookup
Warning: Duplicate port/net name "n5747" found in module "plate_feature_recognize_280_1e0" while doing case-insensitive lookup
Warning: Duplicate port/net name "n5748" found in module "plate_feature_recognize_280_1e0" while doing case-insensitive lookup
Warning: Duplicate port/net name "n5749" found in module "plate_feature_recognize_280_1e0" while doing case-insensitive lookup
Warning: Duplicate port/net name "n5750" found in module "plate_feature_recognize_280_1e0" while doing case-insensitive lookup
Warning: Duplicate port/net name "n5751" found in module "plate_feature_recognize_280_1e0" while doing case-insensitive lookup
Warning: Duplicate port/net name "n5752" found in module "plate_feature_recognize_280_1e0" while doing case-insensitive lookup
Warning: Duplicate port/net name "n5753" found in module "plate_feature_recognize_280_1e0" while doing case-insensitive lookup
Warning: Duplicate port/net name "n5754" found in module "plate_feature_recognize_280_1e0" while doing case-insensitive lookup
Warning: Duplicate port/net name "n5755" found in module "plate_feature_recognize_280_1e0" while doing case-insensitive lookup
Warning: Duplicate port/net name "n5756" found in module "plate_feature_recognize_280_1e0" while doing case-insensitive lookup
Warning: Duplicate port/net name "n5758" found in module "plate_feature_recognize_280_1e0" while doing case-insensitive lookup
Warning: Duplicate port/net name "n5759" found in module "plate_feature_recognize_280_1e0" while doing case-insensitive lookup
Warning: Duplicate port/net name "n5760" found in module "plate_feature_recognize_280_1e0" while doing case-insensitive lookup
Warning: Duplicate port/net name "n5761" found in module "plate_feature_recognize_280_1e0" while doing case-insensitive lookup
Warning: Duplicate port/net name "n5762" found in module "plate_feature_recognize_280_1e0" while doing case-insensitive lookup
Warning: Duplicate port/net name "n5763" found in module "plate_feature_recognize_280_1e0" while doing case-insensitive lookup
Warning: Duplicate port/net name "n5765" found in module "plate_feature_recognize_280_1e0" while doing case-insensitive lookup
Warning: Duplicate port/net name "n5766" found in module "plate_feature_recognize_280_1e0" while doing case-insensitive lookup
Warning: Duplicate port/net name "n5767" found in module "plate_feature_recognize_280_1e0" while doing case-insensitive lookup
Warning: Duplicate port/net name "n5768" found in module "plate_feature_recognize_280_1e0" while doing case-insensitive lookup
Warning: Duplicate port/net name "n5769" found in module "plate_feature_recognize_280_1e0" while doing case-insensitive lookup
Warning: Duplicate port/net name "n5770" found in module "plate_feature_recognize_280_1e0" while doing case-insensitive lookup
Warning: Duplicate port/net name "n5771" found in module "plate_feature_recognize_280_1e0" while doing case-insensitive lookup
Warning: Duplicate port/net name "n5773" found in module "plate_feature_recognize_280_1e0" while doing case-insensitive lookup
Warning: Duplicate port/net name "n5774" found in module "plate_feature_recognize_280_1e0" while doing case-insensitive lookup
Warning: Duplicate port/net name "n5775" found in module "plate_feature_recognize_280_1e0" while doing case-insensitive lookup
Warning: Duplicate port/net name "n5776" found in module "plate_feature_recognize_280_1e0" while doing case-insensitive lookup
Warning: Duplicate port/net name "n5777" found in module "plate_feature_recognize_280_1e0" while doing case-insensitive lookup
Warning: Duplicate port/net name "n5778" found in module "plate_feature_recognize_280_1e0" while doing case-insensitive lookup
Warning: Duplicate port/net name "n5779" found in module "plate_feature_recognize_280_1e0" while doing case-insensitive lookup
Warning: Duplicate port/net name "n5781" found in module "plate_feature_recognize_280_1e0" while doing case-insensitive lookup
Warning: Duplicate port/net name "n5782" found in module "plate_feature_recognize_280_1e0" while doing case-insensitive lookup
Warning: Duplicate port/net name "n5783" found in module "plate_feature_recognize_280_1e0" while doing case-insensitive lookup
Warning: Duplicate port/net name "n5784" found in module "plate_feature_recognize_280_1e0" while doing case-insensitive lookup
Warning: Duplicate port/net name "n5785" found in module "plate_feature_recognize_280_1e0" while doing case-insensitive lookup
Warning: Duplicate port/net name "n5786" found in module "plate_feature_recognize_280_1e0" while doing case-insensitive lookup
Warning: Duplicate port/net name "n5787" found in module "plate_feature_recognize_280_1e0" while doing case-insensitive lookup
Warning: Duplicate port/net name "n5788" found in module "plate_feature_recognize_280_1e0" while doing case-insensitive lookup
Warning: Duplicate port/net name "n5789" found in module "plate_feature_recognize_280_1e0" while doing case-insensitive lookup
Warning: Duplicate port/net name "n5792" found in module "plate_feature_recognize_280_1e0" while doing case-insensitive lookup
Warning: Duplicate port/net name "n5793" found in module "plate_feature_recognize_280_1e0" while doing case-insensitive lookup
Warning: Duplicate port/net name "n5794" found in module "plate_feature_recognize_280_1e0" while doing case-insensitive lookup
Warning: Duplicate port/net name "n5795" found in module "plate_feature_recognize_280_1e0" while doing case-insensitive lookup
Warning: Duplicate port/net name "n5796" found in module "plate_feature_recognize_280_1e0" while doing case-insensitive lookup
Warning: Duplicate port/net name "n5797" found in module "plate_feature_recognize_280_1e0" while doing case-insensitive lookup
Warning: Duplicate port/net name "n5799" found in module "plate_feature_recognize_280_1e0" while doing case-insensitive lookup
Warning: Duplicate port/net name "n5800" found in module "plate_feature_recognize_280_1e0" while doing case-insensitive lookup
Warning: Duplicate port/net name "n5801" found in module "plate_feature_recognize_280_1e0" while doing case-insensitive lookup
Warning: Duplicate port/net name "n5802" found in module "plate_feature_recognize_280_1e0" while doing case-insensitive lookup
Warning: Duplicate port/net name "n5803" found in module "plate_feature_recognize_280_1e0" while doing case-insensitive lookup
Warning: Duplicate port/net name "n5804" found in module "plate_feature_recognize_280_1e0" while doing case-insensitive lookup
Warning: Duplicate port/net name "n5805" found in module "plate_feature_recognize_280_1e0" while doing case-insensitive lookup
Warning: Duplicate port/net name "n5806" found in module "plate_feature_recognize_280_1e0" while doing case-insensitive lookup
Warning: Duplicate port/net name "n5807" found in module "plate_feature_recognize_280_1e0" while doing case-insensitive lookup
Warning: Duplicate port/net name "n5808" found in module "plate_feature_recognize_280_1e0" while doing case-insensitive lookup
Warning: Duplicate port/net name "n5811" found in module "plate_feature_recognize_280_1e0" while doing case-insensitive lookup
Warning: Duplicate port/net name "n5812" found in module "plate_feature_recognize_280_1e0" while doing case-insensitive lookup
Warning: Duplicate port/net name "n5813" found in module "plate_feature_recognize_280_1e0" while doing case-insensitive lookup
Warning: Duplicate port/net name "n5814" found in module "plate_feature_recognize_280_1e0" while doing case-insensitive lookup
Warning: Duplicate port/net name "n5815" found in module "plate_feature_recognize_280_1e0" while doing case-insensitive lookup
Warning: Duplicate port/net name "n5816" found in module "plate_feature_recognize_280_1e0" while doing case-insensitive lookup
Warning: Duplicate port/net name "n5817" found in module "plate_feature_recognize_280_1e0" while doing case-insensitive lookup
Warning: Duplicate port/net name "n5819" found in module "plate_feature_recognize_280_1e0" while doing case-insensitive lookup
Warning: Duplicate port/net name "n5820" found in module "plate_feature_recognize_280_1e0" while doing case-insensitive lookup
Warning: Duplicate port/net name "n5821" found in module "plate_feature_recognize_280_1e0" while doing case-insensitive lookup
Warning: Duplicate port/net name "n5822" found in module "plate_feature_recognize_280_1e0" while doing case-insensitive lookup
Warning: Duplicate port/net name "n5823" found in module "plate_feature_recognize_280_1e0" while doing case-insensitive lookup
Warning: Duplicate port/net name "n5824" found in module "plate_feature_recognize_280_1e0" while doing case-insensitive lookup
Warning: Duplicate port/net name "n5825" found in module "plate_feature_recognize_280_1e0" while doing case-insensitive lookup
Warning: Duplicate port/net name "n5826" found in module "plate_feature_recognize_280_1e0" while doing case-insensitive lookup
Warning: Duplicate port/net name "n5827" found in module "plate_feature_recognize_280_1e0" while doing case-insensitive lookup
Warning: Duplicate port/net name "n5828" found in module "plate_feature_recognize_280_1e0" while doing case-insensitive lookup
Warning: Duplicate port/net name "n5829" found in module "plate_feature_recognize_280_1e0" while doing case-insensitive lookup
Warning: Duplicate port/net name "n5830" found in module "plate_feature_recognize_280_1e0" while doing case-insensitive lookup
Warning: Duplicate port/net name "n5844" found in module "plate_feature_recognize_280_1e0" while doing case-insensitive lookup
Warning: Duplicate port/net name "n1448" found in module "conv_template_match" while doing case-insensitive lookup
Warning: Duplicate port/net name "n1449" found in module "conv_template_match" while doing case-insensitive lookup
Warning: Duplicate port/net name "n1450" found in module "conv_template_match" while doing case-insensitive lookup
Warning: Duplicate port/net name "n1451" found in module "conv_template_match" while doing case-insensitive lookup
Warning: Duplicate port/net name "n1452" found in module "conv_template_match" while doing case-insensitive lookup
Warning: Duplicate port/net name "n1453" found in module "conv_template_match" while doing case-insensitive lookup
Warning: Duplicate port/net name "n1454" found in module "conv_template_match" while doing case-insensitive lookup
Warning: Duplicate port/net name "n1455" found in module "conv_template_match" while doing case-insensitive lookup
Warning: Duplicate port/net name "n1456" found in module "conv_template_match" while doing case-insensitive lookup
Warning: Duplicate port/net name "n1457" found in module "conv_template_match" while doing case-insensitive lookup
Warning: Duplicate port/net name "n1458" found in module "conv_template_match" while doing case-insensitive lookup
Warning: Duplicate port/net name "n1459" found in module "conv_template_match" while doing case-insensitive lookup
Warning: Duplicate port/net name "n1460" found in module "conv_template_match" while doing case-insensitive lookup
Warning: Duplicate port/net name "n1461" found in module "conv_template_match" while doing case-insensitive lookup
Warning: Duplicate port/net name "n1462" found in module "conv_template_match" while doing case-insensitive lookup
Warning: Duplicate port/net name "n1463" found in module "conv_template_match" while doing case-insensitive lookup
Warning: Duplicate port/net name "n1464" found in module "conv_template_match" while doing case-insensitive lookup
Warning: Duplicate port/net name "n1465" found in module "conv_template_match" while doing case-insensitive lookup
Warning: Duplicate port/net name "n1466" found in module "conv_template_match" while doing case-insensitive lookup
Warning: Duplicate port/net name "n1467" found in module "conv_template_match" while doing case-insensitive lookup
Warning: Duplicate port/net name "n1468" found in module "conv_template_match" while doing case-insensitive lookup
Warning: Duplicate port/net name "n1469" found in module "conv_template_match" while doing case-insensitive lookup
Warning: Duplicate port/net name "n1470" found in module "conv_template_match" while doing case-insensitive lookup
Warning: Duplicate port/net name "n1471" found in module "conv_template_match" while doing case-insensitive lookup
Warning: Duplicate port/net name "n1472" found in module "conv_template_match" while doing case-insensitive lookup
Warning: Duplicate port/net name "n1473" found in module "conv_template_match" while doing case-insensitive lookup
Warning: Duplicate port/net name "n1474" found in module "conv_template_match" while doing case-insensitive lookup
Warning: Duplicate port/net name "n1475" found in module "conv_template_match" while doing case-insensitive lookup
Warning: Duplicate port/net name "n1476" found in module "conv_template_match" while doing case-insensitive lookup
Warning: Duplicate port/net name "n1477" found in module "conv_template_match" while doing case-insensitive lookup
Warning: Duplicate port/net name "n1478" found in module "conv_template_match" while doing case-insensitive lookup
Warning: Duplicate port/net name "n1479" found in module "conv_template_match" while doing case-insensitive lookup
Warning: Duplicate port/net name "n1480" found in module "conv_template_match" while doing case-insensitive lookup
Warning: Duplicate port/net name "n1481" found in module "conv_template_match" while doing case-insensitive lookup
Warning: Duplicate port/net name "n1482" found in module "conv_template_match" while doing case-insensitive lookup
Warning: Duplicate port/net name "n1483" found in module "conv_template_match" while doing case-insensitive lookup
Warning: Duplicate port/net name "n1484" found in module "conv_template_match" while doing case-insensitive lookup
Warning: Duplicate port/net name "n1485" found in module "conv_template_match" while doing case-insensitive lookup
Warning: Duplicate port/net name "n1486" found in module "conv_template_match" while doing case-insensitive lookup
Warning: Duplicate port/net name "n1487" found in module "conv_template_match" while doing case-insensitive lookup
Warning: Duplicate port/net name "n1632" found in module "conv_template_match" while doing case-insensitive lookup
Warning: Duplicate port/net name "n1633" found in module "conv_template_match" while doing case-insensitive lookup
Warning: Duplicate port/net name "n1634" found in module "conv_template_match" while doing case-insensitive lookup
Warning: Duplicate port/net name "n1635" found in module "conv_template_match" while doing case-insensitive lookup
Warning: Duplicate port/net name "n1636" found in module "conv_template_match" while doing case-insensitive lookup
Warning: Duplicate port/net name "n1637" found in module "conv_template_match" while doing case-insensitive lookup
Warning: Duplicate port/net name "n1638" found in module "conv_template_match" while doing case-insensitive lookup
Warning: Duplicate port/net name "n1639" found in module "conv_template_match" while doing case-insensitive lookup
Warning: Duplicate port/net name "n1640" found in module "conv_template_match" while doing case-insensitive lookup
Warning: Duplicate port/net name "n1641" found in module "conv_template_match" while doing case-insensitive lookup
Warning: Duplicate port/net name "n1642" found in module "conv_template_match" while doing case-insensitive lookup
Warning: Duplicate port/net name "n1643" found in module "conv_template_match" while doing case-insensitive lookup
Warning: Duplicate port/net name "n1644" found in module "conv_template_match" while doing case-insensitive lookup
Warning: Duplicate port/net name "n1645" found in module "conv_template_match" while doing case-insensitive lookup
Warning: Duplicate port/net name "n1646" found in module "conv_template_match" while doing case-insensitive lookup
Warning: Duplicate port/net name "n1647" found in module "conv_template_match" while doing case-insensitive lookup
Warning: Duplicate port/net name "n1648" found in module "conv_template_match" while doing case-insensitive lookup
Warning: Duplicate port/net name "n1649" found in module "conv_template_match" while doing case-insensitive lookup
Warning: Duplicate port/net name "n1650" found in module "conv_template_match" while doing case-insensitive lookup
Warning: Duplicate port/net name "n1651" found in module "conv_template_match" while doing case-insensitive lookup
Warning: Duplicate port/net name "n1652" found in module "conv_template_match" while doing case-insensitive lookup
Warning: Duplicate port/net name "n1653" found in module "conv_template_match" while doing case-insensitive lookup
Warning: Duplicate port/net name "n1654" found in module "conv_template_match" while doing case-insensitive lookup
Warning: Duplicate port/net name "n1655" found in module "conv_template_match" while doing case-insensitive lookup
Warning: Duplicate port/net name "n1656" found in module "conv_template_match" while doing case-insensitive lookup
Warning: Duplicate port/net name "n1657" found in module "conv_template_match" while doing case-insensitive lookup
Warning: Duplicate port/net name "n1658" found in module "conv_template_match" while doing case-insensitive lookup
Warning: Duplicate port/net name "n1659" found in module "conv_template_match" while doing case-insensitive lookup
Warning: Duplicate port/net name "n1660" found in module "conv_template_match" while doing case-insensitive lookup
Warning: Duplicate port/net name "n1662" found in module "conv_template_match" while doing case-insensitive lookup
Warning: Duplicate port/net name "n1663" found in module "conv_template_match" while doing case-insensitive lookup
Warning: Duplicate port/net name "n1664" found in module "conv_template_match" while doing case-insensitive lookup
Warning: Duplicate port/net name "n1665" found in module "conv_template_match" while doing case-insensitive lookup
Warning: Duplicate port/net name "n1666" found in module "conv_template_match" while doing case-insensitive lookup
Warning: Duplicate port/net name "n1667" found in module "conv_template_match" while doing case-insensitive lookup
Warning: Duplicate port/net name "n1668" found in module "conv_template_match" while doing case-insensitive lookup
Warning: Duplicate port/net name "n1669" found in module "conv_template_match" while doing case-insensitive lookup
Warning: Duplicate port/net name "n1670" found in module "conv_template_match" while doing case-insensitive lookup
Warning: Duplicate port/net name "n1671" found in module "conv_template_match" while doing case-insensitive lookup
Warning: Duplicate port/net name "n1672" found in module "conv_template_match" while doing case-insensitive lookup
Warning: Duplicate port/net name "n1673" found in module "conv_template_match" while doing case-insensitive lookup
Warning: Duplicate port/net name "n1674" found in module "conv_template_match" while doing case-insensitive lookup
Warning: Duplicate port/net name "n1675" found in module "conv_template_match" while doing case-insensitive lookup
Warning: Duplicate port/net name "n1676" found in module "conv_template_match" while doing case-insensitive lookup
Warning: Duplicate port/net name "n1677" found in module "conv_template_match" while doing case-insensitive lookup
Warning: Duplicate port/net name "n1678" found in module "conv_template_match" while doing case-insensitive lookup
Warning: Duplicate port/net name "n1679" found in module "conv_template_match" while doing case-insensitive lookup
Warning: Duplicate port/net name "n1680" found in module "conv_template_match" while doing case-insensitive lookup
Warning: Duplicate port/net name "n1681" found in module "conv_template_match" while doing case-insensitive lookup
Warning: Duplicate port/net name "n1682" found in module "conv_template_match" while doing case-insensitive lookup
Warning: Duplicate port/net name "n1683" found in module "conv_template_match" while doing case-insensitive lookup
Warning: Duplicate port/net name "n1684" found in module "conv_template_match" while doing case-insensitive lookup
Warning: Duplicate port/net name "n1685" found in module "conv_template_match" while doing case-insensitive lookup
Warning: Duplicate port/net name "n1688" found in module "conv_template_match" while doing case-insensitive lookup
Warning: Duplicate port/net name "n1689" found in module "conv_template_match" while doing case-insensitive lookup
Warning: Duplicate port/net name "n1690" found in module "conv_template_match" while doing case-insensitive lookup
Warning: Duplicate port/net name "n1691" found in module "conv_template_match" while doing case-insensitive lookup
Warning: Duplicate port/net name "n1693" found in module "conv_template_match" while doing case-insensitive lookup
Warning: Duplicate port/net name "n1694" found in module "conv_template_match" while doing case-insensitive lookup
Warning: Duplicate port/net name "n1695" found in module "conv_template_match" while doing case-insensitive lookup
Warning: Duplicate port/net name "n1696" found in module "conv_template_match" while doing case-insensitive lookup
Warning: Duplicate port/net name "n1697" found in module "conv_template_match" while doing case-insensitive lookup
Warning: Duplicate port/net name "n1698" found in module "conv_template_match" while doing case-insensitive lookup
Warning: Duplicate port/net name "n1699" found in module "conv_template_match" while doing case-insensitive lookup
Warning: Duplicate port/net name "n1700" found in module "conv_template_match" while doing case-insensitive lookup
Warning: Duplicate port/net name "n1756" found in module "conv_template_match" while doing case-insensitive lookup
Warning: Duplicate port/net name "n1757" found in module "conv_template_match" while doing case-insensitive lookup
Warning: Duplicate port/net name "n1758" found in module "conv_template_match" while doing case-insensitive lookup
Warning: Duplicate port/net name "n1759" found in module "conv_template_match" while doing case-insensitive lookup
Warning: Duplicate port/net name "n1760" found in module "conv_template_match" while doing case-insensitive lookup
Warning: Duplicate port/net name "n1761" found in module "conv_template_match" while doing case-insensitive lookup
Warning: Duplicate port/net name "n1762" found in module "conv_template_match" while doing case-insensitive lookup
Warning: Duplicate port/net name "n1763" found in module "conv_template_match" while doing case-insensitive lookup
Warning: Duplicate port/net name "n1766" found in module "conv_template_match" while doing case-insensitive lookup
Warning: Duplicate port/net name "n1767" found in module "conv_template_match" while doing case-insensitive lookup
Warning: Duplicate port/net name "n1768" found in module "conv_template_match" while doing case-insensitive lookup
Warning: Duplicate port/net name "n1770" found in module "conv_template_match" while doing case-insensitive lookup
Warning: Duplicate port/net name "n1771" found in module "conv_template_match" while doing case-insensitive lookup
Warning: Duplicate port/net name "n1773" found in module "conv_template_match" while doing case-insensitive lookup
Warning: Duplicate port/net name "n1774" found in module "conv_template_match" while doing case-insensitive lookup
Warning: Duplicate port/net name "n1775" found in module "conv_template_match" while doing case-insensitive lookup
Warning: Duplicate port/net name "n1776" found in module "conv_template_match" while doing case-insensitive lookup
Warning: Duplicate port/net name "n1777" found in module "conv_template_match" while doing case-insensitive lookup
Warning: Duplicate port/net name "n1778" found in module "conv_template_match" while doing case-insensitive lookup
Warning: Duplicate port/net name "n1779" found in module "conv_template_match" while doing case-insensitive lookup
Warning: Duplicate port/net name "n1780" found in module "conv_template_match" while doing case-insensitive lookup
Warning: Duplicate port/net name "n1781" found in module "conv_template_match" while doing case-insensitive lookup
Warning: Duplicate port/net name "n1782" found in module "conv_template_match" while doing case-insensitive lookup
Warning: Duplicate port/net name "n1783" found in module "conv_template_match" while doing case-insensitive lookup
Warning: Duplicate port/net name "n1784" found in module "conv_template_match" while doing case-insensitive lookup
Warning: Duplicate port/net name "n1785" found in module "conv_template_match" while doing case-insensitive lookup
Warning: Duplicate port/net name "n1786" found in module "conv_template_match" while doing case-insensitive lookup
Warning: Duplicate port/net name "n1787" found in module "conv_template_match" while doing case-insensitive lookup
Warning: Duplicate port/net name "n1788" found in module "conv_template_match" while doing case-insensitive lookup
Warning: Duplicate port/net name "n1789" found in module "conv_template_match" while doing case-insensitive lookup
Warning: Duplicate port/net name "n1790" found in module "conv_template_match" while doing case-insensitive lookup
Warning: Duplicate port/net name "n1791" found in module "conv_template_match" while doing case-insensitive lookup
Warning: Duplicate port/net name "n1792" found in module "conv_template_match" while doing case-insensitive lookup
Warning: Duplicate port/net name "n1793" found in module "conv_template_match" while doing case-insensitive lookup
Warning: Duplicate port/net name "n1794" found in module "conv_template_match" while doing case-insensitive lookup
Warning: Duplicate port/net name "n1795" found in module "conv_template_match" while doing case-insensitive lookup
Warning: Duplicate port/net name "n1796" found in module "conv_template_match" while doing case-insensitive lookup
Warning: Duplicate port/net name "n1797" found in module "conv_template_match" while doing case-insensitive lookup
Warning: Duplicate port/net name "n1798" found in module "conv_template_match" while doing case-insensitive lookup
Warning: Duplicate port/net name "n1799" found in module "conv_template_match" while doing case-insensitive lookup
Warning: Duplicate port/net name "n1800" found in module "conv_template_match" while doing case-insensitive lookup
Warning: Duplicate port/net name "n1801" found in module "conv_template_match" while doing case-insensitive lookup
Warning: Duplicate port/net name "n1802" found in module "conv_template_match" while doing case-insensitive lookup
Warning: Duplicate port/net name "n1803" found in module "conv_template_match" while doing case-insensitive lookup
Warning: Duplicate port/net name "n1804" found in module "conv_template_match" while doing case-insensitive lookup
Warning: Duplicate port/net name "n1805" found in module "conv_template_match" while doing case-insensitive lookup
Warning: Duplicate port/net name "n1807" found in module "conv_template_match" while doing case-insensitive lookup
Warning: Duplicate port/net name "n1810" found in module "conv_template_match" while doing case-insensitive lookup
Warning: Duplicate port/net name "n1812" found in module "conv_template_match" while doing case-insensitive lookup
Warning: Duplicate port/net name "n1813" found in module "conv_template_match" while doing case-insensitive lookup
Warning: Duplicate port/net name "n1814" found in module "conv_template_match" while doing case-insensitive lookup
Warning: Duplicate port/net name "n1815" found in module "conv_template_match" while doing case-insensitive lookup
Warning: Duplicate port/net name "n1816" found in module "conv_template_match" while doing case-insensitive lookup
Warning: Duplicate port/net name "n1817" found in module "conv_template_match" while doing case-insensitive lookup
Warning: Duplicate port/net name "n1831" found in module "conv_template_match" while doing case-insensitive lookup
Warning: Duplicate port/net name "n6" found in module "AXI_image_top" while doing case-insensitive lookup
Info: Design Conversion completed. CPU TIME = 0  REAL TIME = 0  MALLOC = 23/23/23  ELAPSED TIME = 3 

TOTAL CPU TIME = 1  REAL TIME = 3  MALLOC = 23/23/23  ELAPSED TIME = 3 
