Log: D:\SuiyuanBa\Desktop\Em\PD\00_dc\logs\read_rtl.log
----------------------------------------
[Error] Total: 76, Unique Types: 1
- Type:   ELAB-366
  Count:  76
  Sample: ../../RTL/yolov4_tiny/verilog/conv_maxpool_fm_in_buff_RAM_AUTO_1R1W.v:65: Net 'ram[0][15]' or a directly connected net is driven by more than one source, and not all drivers are three-state. (ELAB-366)

[Warning] Total: 44997, Unique Types: 10
- Type:   ELAB-405
  Count:  43552
  Sample: ../../RTL/yolov4_tiny/verilog/conv_maxpool_fm_in_buff_RAM_AUTO_1R1W.v:65: Net ram[0][15] or a directly connected net may be driven by more than one process or block. (ELAB-405)

- Type:   VER-318
  Count:  1349
  Sample: ../../RTL/yolov4_tiny/verilog/conv.v:2204: signed to unsigned assignment occurs. (VER-318)

- Type:   VER-281
  Count:  32
  Sample: ../../RTL/yolov4_tiny/verilog/conv.v:882: The statements in initial blocks are ignored. (VER-281)

- Type:   VER-708
  Count:  31
  Sample: ../../RTL/yolov4_tiny/verilog/conv_CTRL_s_axi.v:164: The construct 'declaration initial assignment' is not supported in synthesis; it is ignored. (VER-708)

- Type:   VER-944
  Count:  15
  Sample: ../../RTL/yolov4_tiny/verilog/conv_FULL_m_axi.v:2245: A unnamed generate block with an LRM-defined name 'genblk1' is detected, which is incompatible with Verilog standard 2001 or 1995. (VER-944)

- Type:   ELAB-335
  Count:  13
  Sample: ../../RTL/yolov4_tiny/verilog/conv_conv_Pipeline_1.v:464: 'Case' statement is full and has only one nontrivial branch; it will be inlined. (ELAB-335)

- Type:   LINK-5
  Count:  2
  Sample: Unable to resolve reference 'conv_maxpool_fm_in_buff_RAM_AUTO_1R1W' in 'conv_maxpool'. (LINK-5)

- Type:   ELAB-311
  Count:  1
  Sample: ../../RTL/yolov4_tiny/verilog/conv_sparsemux_17_3_16_1_1.v:78: DEFAULT branch of CASE statement cannot be reached. (ELAB-311)

- Type:   Filename too long >255 chars. Renaming file:
  Count:  1
  Sample: Filename too long >255 chars. Renaming file:

- Type:   UID-341
  Count:  1
  Sample: Design 'conv' has '2' unresolved references. For more detailed information, use the "link" command. (UID-341)
